
[2019-04-19 14:15:24] 新表orderList: 
[2019-04-19 14:15:24] 0012040029-190401-2285
[2019-04-19 14:15:24] 0012040029-190401-2283
[2019-04-19 14:15:24] 0012040029-190401-2284
[2019-04-19 14:15:24] 0012040029-190401-2280
[2019-04-19 14:15:24] 0012040029-190401-2279
[2019-04-19 14:15:24] 0012040029-190401-2278
[2019-04-19 14:15:24] 0012040029-190401-2277
[2019-04-19 14:15:24] 0012040029-190401-2276
[2019-04-19 14:15:24] 0012040029-190401-2282
[2019-04-19 14:15:24] 0012040029-190401-2274
[2019-04-19 14:15:24] 0012040029-190401-2275
[2019-04-19 14:15:24] 0012040029-190401-2281
[2019-04-19 14:15:24] 0012040029-190401-2273
[2019-04-19 14:15:24] 0012040029-190401-2271
[2019-04-19 14:15:24] 0012040029-190401-2270
[2019-04-19 14:15:24] 0012040029-190401-2269
[2019-04-19 14:15:24] 0012040029-190401-2272
[2019-04-19 14:15:24] 0012040029-190401-2266
[2019-04-19 14:15:24] 0012040029-190401-2268
[2019-04-19 14:15:24] 0012040029-190401-2265
[2019-04-19 14:15:24] 0012040029-190401-2264
[2019-04-19 14:15:24] 0012040029-190401-2267
[2019-04-19 14:15:24] 0012040029-190401-2263
[2019-04-19 14:15:24] 0012040029-190401-2260
[2019-04-19 14:15:24] 0012040029-190401-2262
[2019-04-19 14:15:24] 0012040029-190401-2261
[2019-04-19 14:15:24] 0012040029-190401-2258
[2019-04-19 14:15:24] 0012040029-190401-2256
[2019-04-19 14:15:24] 0012040029-190401-2255
[2019-04-19 14:15:24] 0012040029-190401-2257
[2019-04-19 14:15:24] 0012040029-190401-2259
[2019-04-19 14:15:24] 0012040029-190401-2254
[2019-04-19 14:15:24] 0012040029-190401-2252
[2019-04-19 14:15:24] 0012040029-190401-2250
[2019-04-19 14:15:24] 0012040029-190401-2249
[2019-04-19 14:15:24] 0012040029-190401-2253
[2019-04-19 14:15:24] 0012040029-190401-2247
[2019-04-19 14:15:24] 0012040029-190401-2248
[2019-04-19 14:15:24] 0012040029-190401-2251
[2019-04-19 14:15:24] 0012040029-190401-2244
[2019-04-19 14:15:24] 0012040029-190401-2245
[2019-04-19 14:15:24] 0012040029-190401-2246
[2019-04-19 14:15:24] 0012040029-190401-2241
[2019-04-19 14:15:24] 0012040029-190401-2240
[2019-04-19 14:15:24] 0012040029-190401-2239
[2019-04-19 14:15:24] 0012040029-190401-2242
[2019-04-19 14:15:24] 0012040029-190401-2237
[2019-04-19 14:15:24] 0012040029-190401-2238
[2019-04-19 14:15:24] 0012040029-190401-2243
[2019-04-19 14:15:24] 0012040029-190401-2234
[2019-04-19 14:15:24] 0012040029-190401-2233
[2019-04-19 14:15:24] 0012040029-190401-2232
[2019-04-19 14:15:24] 0012040029-190401-2235
[2019-04-19 14:15:24] 0012040029-190401-2231
[2019-04-19 14:15:24] 0012040029-190401-2229
[2019-04-19 14:15:24] 0012040029-190401-2230
[2019-04-19 14:15:24] 0012040029-190401-2227
[2019-04-19 14:15:24] 0012040029-190401-2236
[2019-04-19 14:15:24] 0012040029-190401-2226
[2019-04-19 14:15:24] 0012040029-190401-2224
[2019-04-19 14:15:24] 0012040029-190401-2228
[2019-04-19 14:15:24] 0012040029-190401-2225
[2019-04-19 14:15:24] 0012040029-190401-2223
[2019-04-19 14:15:24] 0012040029-190401-2221
[2019-04-19 14:15:24] 0012040029-190331-2219
[2019-04-19 14:15:24] 0012040029-190401-2222
[2019-04-19 14:15:24] 0012040029-190331-2217
[2019-04-19 14:15:24] 0012040029-190401-2220
[2019-04-19 14:15:24] 0012040029-190331-2216
[2019-04-19 14:15:24] 0012040029-190330-2214
[2019-04-19 14:15:24] 0012040029-190331-2218
[2019-04-19 14:15:24] 0012040029-190330-2215
[2019-04-19 14:15:24] 直接合并的订单：
[2019-04-19 14:15:24] 更新的订单：
[2019-04-19 14:15:24] 0012040029-190330-2214 -> 0012040029-190401-2286
[2019-04-19 14:15:24] 0012040029-190330-2215 -> 0012040029-190401-2287
[2019-04-19 14:15:24] 0012040029-190331-2216 -> 0012040029-190401-2288
[2019-04-19 14:15:24] 0012040029-190331-2217 -> 0012040029-190401-2289
[2019-04-19 14:15:24] 0012040029-190331-2218 -> 0012040029-190401-2290
[2019-04-19 14:15:24] 0012040029-190331-2219 -> 0012040029-190401-2291
[2019-04-19 14:15:24] 0012040029-190401-2220 -> 0012040029-190401-2292
[2019-04-19 14:15:24] 0012040029-190401-2221 -> 0012040029-190401-2293
[2019-04-19 14:15:24] 0012040029-190401-2222 -> 0012040029-190401-2294
[2019-04-19 14:16:09] 新表orderList: 
[2019-04-19 14:16:09] 0012040029-190401-2294
[2019-04-19 14:16:09] 0012040029-190401-2293
[2019-04-19 14:16:09] 0012040029-190401-2291
[2019-04-19 14:16:09] 0012040029-190401-2290
[2019-04-19 14:16:09] 0012040029-190401-2292
[2019-04-19 14:16:09] 0012040029-190401-2289
[2019-04-19 14:16:09] 0012040029-190401-2286
[2019-04-19 14:16:09] 0012040029-190401-2288
[2019-04-19 14:16:09] 0012040029-190401-2284
[2019-04-19 14:16:09] 0012040029-190401-2285
[2019-04-19 14:16:09] 0012040029-190401-2283
[2019-04-19 14:16:09] 0012040029-190401-2281
[2019-04-19 14:16:09] 0012040029-190401-2287
[2019-04-19 14:16:09] 0012040029-190401-2282
[2019-04-19 14:16:09] 0012040029-190401-2279
[2019-04-19 14:16:09] 0012040029-190401-2280
[2019-04-19 14:16:09] 0012040029-190401-2278
[2019-04-19 14:16:09] 0012040029-190401-2275
[2019-04-19 14:16:09] 0012040029-190401-2276
[2019-04-19 14:16:09] 0012040029-190401-2273
[2019-04-19 14:16:09] 0012040029-190401-2277
[2019-04-19 14:16:09] 0012040029-190401-2271
[2019-04-19 14:16:09] 0012040029-190401-2272
[2019-04-19 14:16:09] 0012040029-190401-2274
[2019-04-19 14:16:09] 0012040029-190401-2269
[2019-04-19 14:16:09] 0012040029-190401-2270
[2019-04-19 14:16:09] 0012040029-190401-2268
[2019-04-19 14:16:09] 0012040029-190401-2265
[2019-04-19 14:16:09] 0012040029-190401-2267
[2019-04-19 14:16:09] 0012040029-190401-2266
[2019-04-19 14:16:09] 0012040029-190401-2262
[2019-04-19 14:16:09] 0012040029-190401-2263
[2019-04-19 14:16:09] 0012040029-190401-2264
[2019-04-19 14:16:09] 0012040029-190401-2261
[2019-04-19 14:16:09] 0012040029-190401-2260
[2019-04-19 14:16:09] 0012040029-190401-2257
[2019-04-19 14:16:09] 0012040029-190401-2258
[2019-04-19 14:16:09] 0012040029-190401-2256
[2019-04-19 14:16:09] 0012040029-190401-2255
[2019-04-19 14:16:09] 0012040029-190401-2253
[2019-04-19 14:16:09] 0012040029-190401-2259
[2019-04-19 14:16:09] 0012040029-190401-2251
[2019-04-19 14:16:09] 0012040029-190401-2254
[2019-04-19 14:16:09] 0012040029-190401-2252
[2019-04-19 14:16:09] 0012040029-190401-2248
[2019-04-19 14:16:09] 0012040029-190401-2249
[2019-04-19 14:16:09] 0012040029-190401-2247
[2019-04-19 14:16:09] 0012040029-190401-2245
[2019-04-19 14:16:09] 0012040029-190401-2250
[2019-04-19 14:16:09] 0012040029-190401-2243
[2019-04-19 14:16:09] 0012040029-190401-2246
[2019-04-19 14:16:09] 0012040029-190401-2244
[2019-04-19 14:16:09] 0012040029-190401-2241
[2019-04-19 14:16:09] 0012040029-190401-2239
[2019-04-19 14:16:09] 0012040029-190401-2242
[2019-04-19 14:16:09] 0012040029-190401-2240
[2019-04-19 14:16:09] 0012040029-190401-2238
[2019-04-19 14:16:09] 0012040029-190401-2237
[2019-04-19 14:16:09] 0012040029-190401-2236
[2019-04-19 14:16:09] 0012040029-190401-2233
[2019-04-19 14:16:09] 0012040029-190401-2234
[2019-04-19 14:16:09] 0012040029-190401-2231
[2019-04-19 14:16:09] 0012040029-190401-2235
[2019-04-19 14:16:09] 0012040029-190401-2232
[2019-04-19 14:16:09] 0012040029-190401-2229
[2019-04-19 14:16:09] 0012040029-190401-2227
[2019-04-19 14:16:09] 0012040029-190401-2230
[2019-04-19 14:16:09] 0012040029-190401-2228
[2019-04-19 14:16:09] 0012040029-190401-2226
[2019-04-19 14:16:09] 0012040029-190401-2224
[2019-04-19 14:16:09] 0012040029-190401-2222
[2019-04-19 14:16:09] 0012040029-190401-2225
[2019-04-19 14:16:09] 0012040029-190401-2223
[2019-04-19 14:16:09] 0012040029-190401-2220
[2019-04-19 14:16:09] 0012040029-190331-2218
[2019-04-19 14:16:09] 0012040029-190331-2217
[2019-04-19 14:16:09] 0012040029-190401-2221
[2019-04-19 14:16:09] 0012040029-190330-2215
[2019-04-19 14:16:09] 0012040029-190331-2219
[2019-04-19 14:16:09] 0012040029-190331-2216
[2019-04-19 14:16:09] 0012040029-190330-2214
[2019-04-19 14:16:09] 直接合并的订单：
[2019-04-19 14:16:09] 0012040029-190330-2214 -> 0012040029-190401-2295
[2019-04-19 14:16:09] 0012040029-190330-2215 -> 0012040029-190401-2296
[2019-04-19 14:16:09] 更新的订单：
[2019-04-19 14:16:09] 0012040029-190331-2216 -> 0012040029-190401-2297
[2019-04-19 14:16:09] 0012040029-190331-2217 -> 0012040029-190401-2298
[2019-04-19 14:16:09] 0012040029-190331-2218 -> 0012040029-190401-2299
[2019-04-19 14:16:09] 0012040029-190331-2219 -> 0012040029-190401-2300
[2019-04-19 14:16:09] 0012040029-190401-2220 -> 0012040029-190401-2301
[2019-04-19 14:16:09] 0012040029-190401-2221 -> 0012040029-190401-2302
[2019-04-19 14:16:09] 0012040029-190401-2222 -> 0012040029-190401-2303
[2019-04-19 15:58:41] 
新表order_count: 
[2019-04-19 15:58:41] 0012040029-190401-2303
[2019-04-19 15:58:41] 0012040029-190401-2302
[2019-04-19 15:58:41] 0012040029-190401-2300
[2019-04-19 15:58:41] 0012040029-190401-2301
[2019-04-19 15:58:41] 0012040029-190401-2297
[2019-04-19 15:58:41] 0012040029-190401-2299
[2019-04-19 15:58:41] 0012040029-190401-2296
[2019-04-19 15:58:41] 0012040029-190401-2294
[2019-04-19 15:58:41] 0012040029-190401-2293
[2019-04-19 15:58:41] 0012040029-190401-2295
[2019-04-19 15:58:41] 0012040029-190401-2298
[2019-04-19 15:58:41] 0012040029-190401-2290
[2019-04-19 15:58:41] 0012040029-190401-2289
[2019-04-19 15:58:41] 0012040029-190401-2288
[2019-04-19 15:58:41] 0012040029-190401-2292
[2019-04-19 15:58:41] 0012040029-190401-2291
[2019-04-19 15:58:41] 0012040029-190401-2285
[2019-04-19 15:58:41] 0012040029-190401-2284
[2019-04-19 15:58:41] 0012040029-190401-2286
[2019-04-19 15:58:41] 0012040029-190401-2287
[2019-04-19 15:58:41] 0012040029-190401-2282
[2019-04-19 15:58:41] 0012040029-190401-2283
[2019-04-19 15:58:41] 0012040029-190401-2281
[2019-04-19 15:58:41] 0012040029-190401-2278
[2019-04-19 15:58:41] 0012040029-190401-2280
[2019-04-19 15:58:41] 0012040029-190401-2279
[2019-04-19 15:58:41] 0012040029-190401-2276
[2019-04-19 15:58:41] 0012040029-190401-2274
[2019-04-19 15:58:41] 0012040029-190401-2273
[2019-04-19 15:58:41] 0012040029-190401-2277
[2019-04-19 15:58:41] 0012040029-190401-2271
[2019-04-19 15:58:41] 0012040029-190401-2270
[2019-04-19 15:58:41] 0012040029-190401-2272
[2019-04-19 15:58:41] 0012040029-190401-2268
[2019-04-19 15:58:41] 0012040029-190401-2275
[2019-04-19 15:58:41] 0012040029-190401-2269
[2019-04-19 15:58:41] 0012040029-190401-2266
[2019-04-19 15:58:41] 0012040029-190401-2264
[2019-04-19 15:58:41] 0012040029-190401-2267
[2019-04-19 15:58:41] 0012040029-190401-2265
[2019-04-19 15:58:41] 0012040029-190401-2261
[2019-04-19 15:58:41] 0012040029-190401-2260
[2019-04-19 15:58:41] 0012040029-190401-2259
[2019-04-19 15:58:41] 0012040029-190401-2258
[2019-04-19 15:58:41] 0012040029-190401-2263
[2019-04-19 15:58:41] 0012040029-190401-2262
[2019-04-19 15:58:41] 0012040029-190401-2255
[2019-04-19 15:58:41] 0012040029-190401-2257
[2019-04-19 15:58:41] 0012040029-190401-2254
[2019-04-19 15:58:41] 0012040029-190401-2252
[2019-04-19 15:58:41] 0012040029-190401-2251
[2019-04-19 15:58:41] 0012040029-190401-2256
[2019-04-19 15:58:41] 0012040029-190401-2249
[2019-04-19 15:58:41] 0012040029-190401-2250
[2019-04-19 15:58:41] 0012040029-190401-2248
[2019-04-19 15:58:41] 0012040029-190401-2253
[2019-04-19 15:58:41] 0012040029-190401-2245
[2019-04-19 15:58:41] 0012040029-190401-2244
[2019-04-19 15:58:41] 0012040029-190401-2247
[2019-04-19 15:58:41] 0012040029-190401-2246
[2019-04-19 15:58:41] 0012040029-190401-2241
[2019-04-19 15:58:41] 0012040029-190401-2243
[2019-04-19 15:58:41] 0012040029-190401-2240
[2019-04-19 15:58:41] 0012040029-190401-2242
[2019-04-19 15:58:41] 0012040029-190401-2237
[2019-04-19 15:58:41] 0012040029-190401-2236
[2019-04-19 15:58:41] 0012040029-190401-2235
[2019-04-19 15:58:41] 0012040029-190401-2238
[2019-04-19 15:58:41] 0012040029-190401-2233
[2019-04-19 15:58:41] 0012040029-190401-2239
[2019-04-19 15:58:41] 0012040029-190401-2232
[2019-04-19 15:58:41] 0012040029-190401-2230
[2019-04-19 15:58:41] 0012040029-190401-2231
[2019-04-19 15:58:41] 0012040029-190401-2228
[2019-04-19 15:58:41] 0012040029-190401-2234
[2019-04-19 15:58:41] 0012040029-190401-2226
[2019-04-19 15:58:41] 0012040029-190401-2229
[2019-04-19 15:58:41] 0012040029-190401-2225
[2019-04-19 15:58:41] 0012040029-190401-2224
[2019-04-19 15:58:41] 0012040029-190401-2223
[2019-04-19 15:58:41] 0012040029-190401-2221
[2019-04-19 15:58:41] 0012040029-190401-2227
[2019-04-19 15:58:41] 0012040029-190331-2219
[2019-04-19 15:58:41] 0012040029-190401-2222
[2019-04-19 15:58:41] 0012040029-190401-2220
[2019-04-19 15:58:41] 0012040029-190331-2216
[2019-04-19 15:58:41] 0012040029-190331-2218
[2019-04-19 15:58:41] 0012040029-190330-2214
[2019-04-19 15:58:41] 0012040029-190331-2217
[2019-04-19 15:58:41] 0012040029-190330-2215
[2019-04-19 15:58:41] 直接合并的订单：
[2019-04-19 15:58:41] 0012040029-190330-2214 -> 0012040029-190401-2304
[2019-04-19 15:58:41] 更新的订单：
[2019-04-19 15:58:41] 0012040029-190330-2215 -> 0012040029-190401-2305
[2019-04-19 15:58:41] 0012040029-190331-2216 -> 0012040029-190401-2306
[2019-04-19 15:58:41] 0012040029-190331-2217 -> 0012040029-190401-2307
[2019-04-19 15:58:41] 0012040029-190331-2218 -> 0012040029-190401-2308
[2019-04-19 15:58:41] 0012040029-190331-2219 -> 0012040029-190401-2309
[2019-04-19 15:58:41] 0012040029-190401-2220 -> 0012040029-190401-2310
[2019-04-19 15:58:41] 0012040029-190401-2221 -> 0012040029-190401-2311
[2019-04-19 15:58:41] 0012040029-190401-2222 -> 0012040029-190401-2312